::1 – – [05/Aug/2019:15:49:23] "GET website/home"
::1 – – [05/Aug/2019:16:04:17] "GET website/home"
::1 – – [05/Aug/2019:16:10:06] "GET website/home"
::1 – – [05/Aug/2019:16:10:40] "GET website/home"
::1 – – [05/Aug/2019:16:10:55] "GET website/home"
::1 – – [05/Aug/2019:16:11:00] "GET website/home"
::1 – – [05/Aug/2019:16:18:09] "GET website/home"
::1 – – [05/Aug/2019:16:19:26] "GET website/home"
::1 – – [05/Aug/2019:16:19:34] "GET website/home"
::1 – – [05/Aug/2019:16:19:56] "GET website/home"
::1 – – [05/Aug/2019:16:19:57] "GET website/test"
::1 – – [05/Aug/2019:16:20:12] "GET website/test"
::1 – – [05/Aug/2019:16:20:18] "GET website/test"
::1 – – [05/Aug/2019:16:20:30] "GET website/test"
::1 – – [05/Aug/2019:16:20:38] "GET website/test"
::1 – – [05/Aug/2019:16:20:41] "GET website/test"
::1 – – [05/Aug/2019:16:22:21] "GET website/test"
::1 – – [05/Aug/2019:16:22:25] "GET website/test"
::1 – – [05/Aug/2019:16:22:26] "GET website/test"
::1 – – [05/Aug/2019:16:22:27] "GET website/test"
::1 – – [05/Aug/2019:16:25:28] "GET website/test"
::1 – – [05/Aug/2019:16:25:33] "GET website/test"
::1 – – [05/Aug/2019:16:26:12] "GET website/test"
::1 – – [05/Aug/2019:16:26:48] "GET website/test"
::1 – – [05/Aug/2019:16:27:49] "GET website/test"
::1 – – [05/Aug/2019:16:28:59] "GET website/test"
::1 – – [05/Aug/2019:16:29:13] "GET website/test"
::1 – – [05/Aug/2019:16:29:24] "GET website/test"
::1 – – [05/Aug/2019:16:29:26] "GET website/test"
::1 – – [05/Aug/2019:16:29:26] "GET website/test"
::1 – – [05/Aug/2019:16:29:27] "GET website/test"
::1 – – [05/Aug/2019:16:29:53] "GET website/home"
::1 – – [05/Aug/2019:16:54:58] "GET website/home"
::1 – – [05/Aug/2019:16:55:08] "GET website/home"
::1 – – [05/Aug/2019:16:55:11] "GET website/home"
::1 – – [05/Aug/2019:16:55:38] "GET website/home"
::1 – – [05/Aug/2019:16:55:51] "GET website/home"
::1 – – [05/Aug/2019:16:56:18] "GET website/home"
::1 – – [05/Aug/2019:16:56:23] "GET website/home"
::1 – – [05/Aug/2019:16:56:29] "GET website/home"
::1 – – [05/Aug/2019:16:56:35] "GET website/home"
::1 – – [05/Aug/2019:16:56:48] "GET website/home"
::1 – – [05/Aug/2019:16:56:53] "GET website/home"
::1 – – [05/Aug/2019:16:56:55] "GET website/home"
::1 – – [05/Aug/2019:16:57:01] "GET website/home"
::1 – – [05/Aug/2019:16:57:04] "GET website/home"
::1 – – [05/Aug/2019:16:58:33] "GET website/home"
::1 – – [05/Aug/2019:16:58:38] "GET website/home"
::1 – – [05/Aug/2019:16:58:41] "GET website/home"
::1 – – [05/Aug/2019:16:58:56] "GET website/home"
::1 – – [05/Aug/2019:16:59:03] "GET website/home"
::1 – – [05/Aug/2019:16:59:06] "GET website/home"
::1 – – [05/Aug/2019:16:59:12] "GET website/home"
::1 – – [05/Aug/2019:16:59:24] "GET website/home"
::1 – – [05/Aug/2019:16:59:33] "GET website/home"
::1 – – [05/Aug/2019:16:59:34] "GET website/home"
::1 – – [05/Aug/2019:16:59:34] "GET website/home"
::1 – – [05/Aug/2019:16:59:35] "GET website/home"
::1 – – [05/Aug/2019:16:59:55] "GET website/home"
::1 – – [05/Aug/2019:17:00:00] "GET website/home"
::1 – – [05/Aug/2019:17:00:01] "GET website/home"
::1 – – [05/Aug/2019:17:00:01] "GET website/home"
::1 – – [05/Aug/2019:17:00:08] "GET website/home"
::1 – – [05/Aug/2019:17:00:11] "GET website/home"
::1 – – [05/Aug/2019:17:01:02] "GET website/home"
::1 – – [05/Aug/2019:17:01:35] "GET website/home"
::1 – – [05/Aug/2019:17:01:36] "GET website/home"
::1 – – [05/Aug/2019:17:01:42] "GET website/hello/matthew"
::1 – – [05/Aug/2019:17:02:18] "GET website/hello/matthew"
::1 – – [05/Aug/2019:17:02:24] "GET website/test"
::1 – – [05/Aug/2019:17:02:31] "GET website/test"
::1 – – [05/Aug/2019:17:02:39] "GET website/test"
::1 – – [05/Aug/2019:17:04:27] "GET website/hello/mattheg"
::1 – – [05/Aug/2019:17:04:29] "GET website/hello/matthew"
::1 – – [05/Aug/2019:17:04:39] "GET website/hello/matthew"
::1 – – [05/Aug/2019:17:04:41] "GET website/hello/fdsafadsf"
::1 – – [05/Aug/2019:17:04:43] "GET website/hello/matthew"
::1 – – [05/Aug/2019:17:04:45] "GET website/hello/matthew"
::1 – – [05/Aug/2019:17:04:48] "GET website/hello/clear"
::1 – – [05/Aug/2019:17:04:54] "GET website/hello/matthew"
::1 – – [05/Aug/2019:17:05:29] "GET website/hello/matthew"
::1 – – [05/Aug/2019:17:05:43] "GET website/hello/matthew"
::1 – – [05/Aug/2019:17:05:51] "GET website/hello/matthew"
::1 – – [05/Aug/2019:17:06:32] "GET website/hello/matthew"
::1 – – [05/Aug/2019:17:06:34] "GET website/hello/t"
::1 – – [05/Aug/2019:17:06:37] "GET website/hello/ý"
::1 – – [05/Aug/2019:17:06:40] "GET website/hello/ž"
::1 – – [05/Aug/2019:17:06:41] "GET website/hello/č"
::1 – – [05/Aug/2019:17:06:44] "GET website/hello/á"
::1 – – [05/Aug/2019:17:06:46] "GET website/hello/testsag"
::1 – – [05/Aug/2019:17:06:50] "GET website/home"
::1 – – [05/Aug/2019:17:07:08] "GET website/home"
::1 – – [05/Aug/2019:17:07:14] "GET website/home"
::1 – – [05/Aug/2019:17:07:51] "GET website/"
::1 – – [05/Aug/2019:17:07:55] "GET website/"
::1 – – [05/Aug/2019:17:08:07] "GET website/"
::1 – – [05/Aug/2019:17:08:23] "GET website/home"
::1 – – [05/Aug/2019:17:08:35] "GET website/test"
::1 – – [05/Aug/2019:17:09:22] "GET website/test"
::1 – – [05/Aug/2019:17:09:56] "GET website/test"
::1 – – [05/Aug/2019:17:09:58] "GET website/msg"
::1 – – [05/Aug/2019:17:10:06] "GET website/msg"
::1 – – [05/Aug/2019:17:10:14] "GET website/msg"
::1 – – [05/Aug/2019:17:10:48] "GET website/msg"
::1 – – [05/Aug/2019:17:10:52] "GET website/msg"
::1 – – [05/Aug/2019:17:11:13] "GET website/test"
::1 – – [05/Aug/2019:17:11:16] "GET website/home"
::1 – – [05/Aug/2019:17:11:21] "GET website/home"
::1 – – [05/Aug/2019:17:11:23] "GET website/home"
::1 – – [05/Aug/2019:18:56:54] "GET website/home"
::1 – – [05/Aug/2019:18:57:27] "GET website/test"
::1 – – [05/Aug/2019:18:58:07] "GET website/test"
::1 – – [05/Aug/2019:18:58:12] "GET website/home"
::1 – – [05/Aug/2019:18:58:15] "GET website/test"
::1 – – [05/Aug/2019:18:59:25] "GET website/test"
::1 – – [05/Aug/2019:19:00:04] "GET website/test"
::1 – – [05/Aug/2019:19:00:05] "GET website/test"
::1 – – [05/Aug/2019:19:00:08] "GET website/test"
::1 – – [05/Aug/2019:19:10:32] "GET website/test"
::1 – – [05/Aug/2019:19:10:41] "GET website/test"
::1 – – [05/Aug/2019:19:10:49] "GET website/test"
::1 – – [05/Aug/2019:19:12:17] "GET website/test"
::1 – – [05/Aug/2019:19:35:20] "GET website/test"
::1 – – [05/Aug/2019:21:39:46] "GET website/test"
::1 – – [05/Aug/2019:21:39:57] "GET website/test"
::1 – – [22/Aug/2019:10:57:23] "GET website/home"
::1 – – [22/Aug/2019:10:57:30] "GET website/test"
::1 – – [22/Aug/2019:11:02:29] "GET website/test"
::1 – – [22/Aug/2019:11:02:50] "GET website/test/hi"
::1 – – [22/Aug/2019:11:03:18] "GET website/test/hi"
::1 – – [22/Aug/2019:11:03:43] "GET website/test/hi"
::1 – – [22/Aug/2019:11:04:05] "GET website/test/hi"
::1 – – [22/Aug/2019:11:04:10] "GET website/test/hi"
::1 – – [22/Aug/2019:11:04:33] "GET website/test/hi"
::1 – – [22/Aug/2019:11:04:55] "GET website/test/hello"
::1 – – [22/Aug/2019:11:04:57] "GET website/test/hello"
::1 – – [22/Aug/2019:11:04:59] "GET website/home"
::1 – – [22/Aug/2019:11:05:04] "GET website/test/hello"
::1 – – [22/Aug/2019:11:10:38] "GET website/test/hello"
::1 – – [22/Aug/2019:11:10:56] "GET website/404"
::1 – – [22/Aug/2019:11:10:58] "GET website/home"
::1 – – [22/Aug/2019:11:11:11] "GET website/404"
::1 – – [22/Aug/2019:11:11:13] "GET website/home"
::1 – – [22/Aug/2019:11:11:18] "GET website/test/hello"
::1 – – [22/Aug/2019:11:11:21] "GET website/test/hello there"
::1 – – [22/Aug/2019:11:11:25] "GET website/404"
::1 – – [22/Aug/2019:11:11:32] "GET website/home"
::1 – – [01/Sep/2019:17:36:06] "GET website/home"
::1 – – [01/Sep/2019:17:36:10] "GET website/home"
::1 – – [01/Sep/2019:17:36:10] "GET website/home"
::1 – – [01/Sep/2019:17:36:11] "GET website/home"
::1 – – [01/Sep/2019:17:36:11] "GET website/home"
::1 – – [01/Sep/2019:17:36:11] "GET website/home"
::1 – – [01/Sep/2019:17:36:12] "GET website/home"
::1 – – [01/Sep/2019:17:36:12] "GET website/home"
::1 – – [01/Sep/2019:17:36:12] "GET website/home"
::1 – – [01/Sep/2019:17:36:12] "GET website/home"
::1 – – [01/Sep/2019:17:36:12] "GET website/home"
::1 – – [01/Sep/2019:17:36:13] "GET website/home"
::1 – – [01/Sep/2019:17:36:13] "GET website/home"
::1 – – [01/Sep/2019:17:36:13] "GET website/home"
::1 – – [01/Sep/2019:17:36:14] "GET website/home"
::1 – – [01/Sep/2019:17:36:14] "GET website/home"
::1 – – [01/Sep/2019:17:36:15] "GET website/home"
::1 – – [01/Sep/2019:17:36:15] "GET website/home"
::1 – – [01/Sep/2019:17:36:15] "GET website/home"
::1 – – [01/Sep/2019:17:36:15] "GET website/home"
::1 – – [01/Sep/2019:17:36:16] "GET website/home"
::1 – – [01/Sep/2019:17:36:17] "GET website/home"
::1 – – [01/Sep/2019:17:37:22] "GET website/home"
::1 – – [01/Sep/2019:17:38:12] "GET website/home"
::1 – – [01/Sep/2019:17:38:13] "GET website/home"
::1 – – [01/Sep/2019:17:38:13] "GET website/home"
::1 – – [01/Sep/2019:17:38:13] "GET website/home"
::1 – – [01/Sep/2019:17:38:13] "GET website/home"
::1 – – [01/Sep/2019:17:38:14] "GET website/home"
::1 – – [01/Sep/2019:17:38:40] "GET website/home"
::1 – – [01/Sep/2019:17:38:46] "GET website/home"
::1 – – [02/Sep/2019:11:12:55] "GET website/home"
::1 – – [02/Sep/2019:11:12:56] "GET website/home"
::1 – – [02/Sep/2019:11:12:57] "GET website/home"
::1 – – [02/Sep/2019:11:12:57] "GET website/home"
::1 – – [02/Sep/2019:11:12:57] "GET website/home"
::1 – – [02/Sep/2019:11:12:57] "GET website/home"
::1 – – [02/Sep/2019:11:12:58] "GET website/home"
::1 – – [02/Sep/2019:11:12:58] "GET website/home"
::1 – – [02/Sep/2019:11:12:59] "GET website/home"
::1 – – [02/Sep/2019:11:12:59] "GET website/home"
::1 – – [02/Sep/2019:11:12:59] "GET website/home"
::1 – – [02/Sep/2019:11:13:00] "GET website/home"
::1 – – [02/Sep/2019:11:13:00] "GET website/home"
::1 – – [02/Sep/2019:11:13:01] "GET website/home"
::1 – – [02/Sep/2019:11:18:09] "GET website/home"
::1 – – [02/Sep/2019:11:36:06] "GET website/home"
::1 – – [02/Sep/2019:11:36:24] "GET website/home"
::1 – – [02/Sep/2019:11:37:12] "GET website/home"
::1 – – [02/Sep/2019:11:37:14] "GET website/home"
::1 – – [02/Sep/2019:11:37:15] "GET website/home"
::1 – – [02/Sep/2019:11:39:30] "GET website/home"
::1 – – [02/Sep/2019:11:39:31] "GET website/home"
::1 – – [02/Sep/2019:11:39:31] "GET website/home"
::1 – – [02/Sep/2019:11:39:40] "GET website/home"
::1 – – [02/Sep/2019:11:41:02] "GET website/home"
::1 – – [02/Sep/2019:11:41:03] "GET website/home"
::1 – – [02/Sep/2019:11:41:15] "GET website/home"
::1 – – [02/Sep/2019:11:41:19] "GET website/home"
::1 – – [02/Sep/2019:11:55:06] "GET website/home"
::1 – – [02/Sep/2019:11:56:29] "GET website/home"
::1 – – [02/Sep/2019:11:56:42] "GET website/home"
::1 – – [02/Sep/2019:11:56:48] "GET website/home"
::1 – – [02/Sep/2019:12:07:07] "GET website/home"
::1 – – [02/Sep/2019:12:09:10] "GET website/home"
::1 – – [02/Sep/2019:12:10:56] "GET website/home"
::1 – – [07/Sep/2019:20:10:11] "GET website/home"
::1 – – [07/Sep/2019:20:10:19] "GET website/home"
::1 – – [07/Sep/2019:20:10:20] "GET website/home"
::1 – – [07/Sep/2019:20:10:20] "GET website/home"
::1 – – [07/Sep/2019:20:10:20] "GET website/home"
::1 – – [07/Sep/2019:20:12:37] "GET website/home"
::1 – – [07/Sep/2019:20:13:15] "GET website/home"
::1 – – [07/Sep/2019:20:13:17] "GET website/home"
::1 – – [07/Sep/2019:20:23:05] "GET website/test/curl"
::1 – – [07/Sep/2019:20:23:09] "GET website/test/curl"
::1 – – [07/Sep/2019:20:23:26] "GET website/test/curl"
::1 – – [07/Sep/2019:20:23:55] "GET website/test/curl"
::1 – – [07/Sep/2019:20:24:08] "GET website/test/curl"
::1 – – [07/Sep/2019:20:24:09] "GET website/test/curl"
::1 – – [07/Sep/2019:20:24:24] "GET website/test/curl"
::1 – – [07/Sep/2019:20:24:26] "GET website/test/curl"
::1 – – [07/Sep/2019:20:27:29] "GET website/test/curl"
::1 – – [07/Sep/2019:20:27:34] "GET website/users/matthew"
::1 – – [07/Sep/2019:20:27:59] "GET website/users/matthew"
::1 – – [07/Sep/2019:20:28:00] "GET website/users/matthew"
::1 – – [07/Sep/2019:20:28:18] "GET website/users/matthew"
::1 – – [07/Sep/2019:20:28:41] "GET website/users/matthew"
::1 – – [07/Sep/2019:20:28:53] "GET website/test/curl"
::1 – – [07/Sep/2019:20:29:45] "GET website/test/curl"
::1 – – [07/Sep/2019:20:29:46] "GET website/test/curl"
::1 – – [07/Sep/2019:20:30:06] "GET website/test/curl"
::1 – – [07/Sep/2019:20:30:09] "GET website/users/matthew"
::1 – – [07/Sep/2019:20:30:19] "GET website/test/curl"
::1 – – [07/Sep/2019:20:30:19] "GET website/users/matthew"
::1 – – [07/Sep/2019:20:30:23] "GET website/test/curl"
::1 – – [07/Sep/2019:20:30:23] "GET website/users/matthew"
::1 – – [07/Sep/2019:20:30:29] "GET website/test/curl"
::1 – – [07/Sep/2019:20:30:29] "GET website/users/matthew"
::1 – – [07/Sep/2019:20:30:30] "GET website/test/curl"
::1 – – [07/Sep/2019:20:30:30] "GET website/users/matthew"
::1 – – [07/Sep/2019:20:30:30] "GET website/test/curl"
::1 – – [07/Sep/2019:20:30:30] "GET website/users/matthew"
::1 – – [07/Sep/2019:20:30:31] "GET website/test/curl"
::1 – – [07/Sep/2019:20:30:31] "GET website/users/matthew"
::1 – – [07/Sep/2019:20:30:31] "GET website/test/curl"
::1 – – [07/Sep/2019:20:30:31] "GET website/users/matthew"
::1 – – [07/Sep/2019:20:30:48] "GET website/test/curl"
::1 – – [07/Sep/2019:20:30:48] "GET website/users/matthew"
::1 – – [07/Sep/2019:20:30:54] "GET website/test/curl"
::1 – – [07/Sep/2019:20:30:54] "GET website/users/matthew"
::1 – – [07/Sep/2019:20:30:55] "GET website/test/curl"
::1 – – [07/Sep/2019:20:30:55] "GET website/users/matthew"
::1 – – [07/Sep/2019:20:30:55] "GET website/test/curl"
::1 – – [07/Sep/2019:20:30:55] "GET website/users/matthew"
::1 – – [07/Sep/2019:20:31:18] "GET website/test/curl"
::1 – – [07/Sep/2019:20:31:18] "GET website/users/matthew"
::1 – – [07/Sep/2019:20:31:19] "GET website/test/curl"
::1 – – [07/Sep/2019:20:31:19] "GET website/users/matthew"
::1 – – [07/Sep/2019:20:31:20] "GET website/test/curl"
::1 – – [07/Sep/2019:20:31:20] "GET website/users/matthew"
::1 – – [07/Sep/2019:20:31:20] "GET website/test/curl"
::1 – – [07/Sep/2019:20:31:20] "GET website/users/matthew"
::1 – – [07/Sep/2019:20:31:20] "GET website/test/curl"
::1 – – [07/Sep/2019:20:31:20] "GET website/users/matthew"
::1 – – [07/Sep/2019:20:31:23] "GET website/test/curl"
::1 – – [07/Sep/2019:20:31:23] "GET website/users/matthew"
::1 – – [07/Sep/2019:20:31:24] "GET website/test/curl"
::1 – – [07/Sep/2019:20:31:24] "GET website/users/matthew"
::1 – – [07/Sep/2019:20:31:25] "GET website/test/curl"
::1 – – [07/Sep/2019:20:31:25] "GET website/users/matthew"
::1 – – [07/Sep/2019:20:31:30] "GET website/test/curl"
::1 – – [07/Sep/2019:20:31:30] "GET website/users/matthew"
::1 – – [07/Sep/2019:20:31:52] "GET website/test/curl"
::1 – – [07/Sep/2019:20:31:52] "GET website/users/matthew"
::1 – – [07/Sep/2019:20:32:54] "GET website/test/curl"
::1 – – [07/Sep/2019:20:32:55] "GET website/users/matthew"
::1 – – [07/Sep/2019:20:32:55] "GET website/test/curl"
::1 – – [07/Sep/2019:20:32:55] "GET website/users/matthew"
::1 – – [07/Sep/2019:20:33:09] "GET website/test/curl"
::1 – – [07/Sep/2019:20:33:10] "GET website/test/curl"
::1 – – [07/Sep/2019:20:33:14] "GET website/test/curl"
::1 – – [07/Sep/2019:20:33:14] "GET website/users/matthew"
::1 – – [07/Sep/2019:20:33:17] "GET website/test/curl"
::1 – – [07/Sep/2019:20:33:17] "GET website/users/matthew"
::1 – – [07/Sep/2019:20:33:53] "GET website/test/curl"
::1 – – [07/Sep/2019:20:33:53] "GET website/users/matthew"
::1 – – [07/Sep/2019:20:34:03] "GET website/test/curl"
::1 – – [07/Sep/2019:20:34:03] "GET website/users/matthew"
::1 – – [07/Sep/2019:20:34:13] "GET website/test/curl"
::1 – – [07/Sep/2019:20:34:13] "GET website/users/matthew"
::1 – – [07/Sep/2019:20:34:17] "GET website/test/curl"
::1 – – [07/Sep/2019:20:34:17] "GET website/users/matthew"
::1 – – [07/Sep/2019:20:34:26] "GET website/test/curl"
::1 – – [07/Sep/2019:20:34:31] "GET website/test/curl"
::1 – – [07/Sep/2019:20:34:31] "GET website/users/matthew"
::1 – – [07/Sep/2019:20:34:48] "GET website/test/curl"
::1 – – [07/Sep/2019:20:34:48] "GET website/users/matthew"
::1 – – [07/Sep/2019:20:34:52] "GET website/test/curl"
::1 – – [07/Sep/2019:20:34:52] "GET website/users/matthew"
::1 – – [07/Sep/2019:20:35:01] "GET website/test/curl"
::1 – – [07/Sep/2019:20:35:01] "GET website/users/matthew"
::1 – – [07/Sep/2019:20:35:12] "GET website/test/curl"
::1 – – [07/Sep/2019:20:35:12] "GET website/users/matthew"
::1 – – [07/Sep/2019:20:35:13] "GET website/test/curl"
::1 – – [07/Sep/2019:20:35:13] "GET website/users/matthew"
::1 – – [07/Sep/2019:20:35:21] "GET website/test/curl"
::1 – – [07/Sep/2019:20:35:21] "GET website/users/matthew"
::1 – – [07/Sep/2019:20:35:28] "GET website/test/curl"
::1 – – [07/Sep/2019:20:35:28] "GET website/users/matthew"
::1 – – [07/Sep/2019:20:35:36] "GET website/test/curl"
::1 – – [07/Sep/2019:20:35:36] "GET website/users/matthew"
::1 – – [07/Sep/2019:20:37:48] "GET website/test/curl"
::1 – – [07/Sep/2019:20:37:48] "GET website/users/matthew"
::1 – – [07/Sep/2019:20:38:32] "GET website/test/curl"
::1 – – [07/Sep/2019:20:38:32] "GET website/users/matthew"
::1 – – [07/Sep/2019:20:38:36] "GET website/home"
::1 – – [07/Sep/2019:20:38:38] "GET website/test/curl"
::1 – – [07/Sep/2019:20:38:38] "GET website/users/matthew"
::1 – – [07/Sep/2019:20:38:39] "GET website/test/curl"
::1 – – [07/Sep/2019:20:38:39] "GET website/users/matthew"
::1 – – [07/Sep/2019:20:38:40] "GET website/test/curl"
::1 – – [07/Sep/2019:20:38:40] "GET website/users/matthew"
::1 – – [07/Sep/2019:20:38:53] "GET website/users/matthew"
::1 – – [07/Sep/2019:20:39:21] "GET website/test/curl"
::1 – – [07/Sep/2019:20:39:21] "GET website/users/matthew"
::1 – – [07/Sep/2019:20:39:38] "GET website/test/curl"
::1 – – [07/Sep/2019:20:39:43] "GET website/test/curl"
::1 – – [07/Sep/2019:20:39:49] "GET website/test/curl"
::1 – – [07/Sep/2019:20:39:54] "GET website/test/curl"
::1 – – [07/Sep/2019:20:40:41] "GET website/test/curl"
::1 – – [07/Sep/2019:20:40:41] "GET website/users/matthew"
::1 – – [07/Sep/2019:20:40:42] "GET website/test/curl"
::1 – – [07/Sep/2019:20:40:42] "GET website/users/matthew"
::1 – – [07/Sep/2019:20:40:55] "GET website/test/curl"
::1 – – [07/Sep/2019:20:40:55] "GET website/users/matthew"
::1 – – [07/Sep/2019:20:41:17] "GET website/test/curl"
::1 – – [07/Sep/2019:20:41:17] "GET website/users/matthew"
::1 – – [07/Sep/2019:20:42:23] "GET website/test/curl"
::1 – – [07/Sep/2019:20:42:23] "GET website/users/matthew"
::1 – – [07/Sep/2019:20:43:29] "GET website/test/curl"
::1 – – [07/Sep/2019:20:43:29] "GET website/users/matthew"
::1 – – [07/Sep/2019:20:43:59] "GET website/test/curl"
::1 – – [07/Sep/2019:20:43:59] "GET website/users/matthew"
::1 – – [07/Sep/2019:20:44:12] "GET website/test/curl"
::1 – – [07/Sep/2019:20:44:12] "GET website/users/matthew"
::1 – – [07/Sep/2019:20:44:13] "GET website/test/curl"
::1 – – [07/Sep/2019:20:44:13] "GET website/users/matthew"
::1 – – [07/Sep/2019:20:44:14] "GET website/test/curl"
::1 – – [07/Sep/2019:20:44:14] "GET website/users/matthew"
::1 – – [07/Sep/2019:20:44:15] "GET website/test/curl"
::1 – – [07/Sep/2019:20:44:15] "GET website/users/matthew"
::1 – – [07/Sep/2019:20:44:15] "GET website/test/curl"
::1 – – [07/Sep/2019:20:44:15] "GET website/users/matthew"
::1 – – [07/Sep/2019:20:44:15] "GET website/test/curl"
::1 – – [07/Sep/2019:20:44:15] "GET website/users/matthew"
::1 – – [07/Sep/2019:20:44:15] "GET website/test/curl"
::1 – – [07/Sep/2019:20:44:15] "GET website/users/matthew"
::1 – – [07/Sep/2019:20:44:16] "GET website/test/curl"
::1 – – [07/Sep/2019:20:44:16] "GET website/users/matthew"
::1 – – [07/Sep/2019:20:44:16] "GET website/test/curl"
::1 – – [07/Sep/2019:20:44:16] "GET website/users/matthew"
::1 – – [07/Sep/2019:20:44:16] "GET website/test/curl"
::1 – – [07/Sep/2019:20:44:16] "GET website/users/matthew"
::1 – – [07/Sep/2019:20:44:28] "GET website/test/curl"
::1 – – [07/Sep/2019:20:44:28] "GET website/users/matthew"
::1 – – [07/Sep/2019:20:44:30] "GET website/test/curl"
::1 – – [07/Sep/2019:20:44:30] "GET website/users/matthew"
::1 – – [07/Sep/2019:20:44:41] "GET website/test/curl"
::1 – – [07/Sep/2019:20:44:41] "GET website/users/matthew"
::1 – – [07/Sep/2019:20:47:25] "GET website/test/curl"
::1 – – [07/Sep/2019:20:47:25] "GET website/users/matthew"
::1 – – [07/Sep/2019:20:47:25] "GET website/test/component"
::1 – – [07/Sep/2019:20:50:31] "GET website/test/curl"
::1 – – [07/Sep/2019:20:50:31] "GET website/users/matthew"
::1 – – [07/Sep/2019:20:50:31] "GET website/test/component"
::1 – – [07/Sep/2019:20:53:24] "GET website/test/curl"
::1 – – [07/Sep/2019:20:53:24] "GET website/users/matthew"
::1 – – [07/Sep/2019:20:53:24] "GET website/test/component"
::1 – – [07/Sep/2019:20:53:27] "GET website/test/curl"
::1 – – [07/Sep/2019:20:53:27] "GET website/users/matthew"
::1 – – [07/Sep/2019:20:53:27] "GET website/test/component"
::1 – – [07/Sep/2019:20:53:28] "GET website/test/curl"
::1 – – [07/Sep/2019:20:53:28] "GET website/users/matthew"
::1 – – [07/Sep/2019:20:53:28] "GET website/test/component"
::1 – – [07/Sep/2019:20:53:28] "GET website/test/curl"
::1 – – [07/Sep/2019:20:53:28] "GET website/users/matthew"
::1 – – [07/Sep/2019:20:53:28] "GET website/test/component"
::1 – – [07/Sep/2019:20:53:28] "GET website/test/curl"
::1 – – [07/Sep/2019:20:53:28] "GET website/users/matthew"
::1 – – [07/Sep/2019:20:53:28] "GET website/test/component"
::1 – – [07/Sep/2019:20:53:28] "GET website/test/curl"
::1 – – [07/Sep/2019:20:53:28] "GET website/users/matthew"
::1 – – [07/Sep/2019:20:53:28] "GET website/test/component"
::1 – – [07/Sep/2019:20:53:29] "GET website/test/curl"
::1 – – [07/Sep/2019:20:53:29] "GET website/users/matthew"
::1 – – [07/Sep/2019:20:53:29] "GET website/test/component"
::1 – – [07/Sep/2019:20:53:29] "GET website/test/curl"
::1 – – [07/Sep/2019:20:53:29] "GET website/users/matthew"
::1 – – [07/Sep/2019:20:53:29] "GET website/test/component"
::1 – – [07/Sep/2019:20:53:29] "GET website/test/curl"
::1 – – [07/Sep/2019:20:53:29] "GET website/users/matthew"
::1 – – [07/Sep/2019:20:53:29] "GET website/test/component"
::1 – – [07/Sep/2019:20:53:29] "GET website/test/curl"
::1 – – [07/Sep/2019:20:53:29] "GET website/users/matthew"
::1 – – [07/Sep/2019:20:53:29] "GET website/test/component"
::1 – – [07/Sep/2019:20:53:29] "GET website/test/curl"
::1 – – [07/Sep/2019:20:53:29] "GET website/users/matthew"
::1 – – [07/Sep/2019:20:53:29] "GET website/test/component"
::1 – – [07/Sep/2019:20:53:31] "GET website/test/curl"
::1 – – [07/Sep/2019:20:53:31] "GET website/users/matthew"
::1 – – [07/Sep/2019:20:53:31] "GET website/test/component"
::1 – – [07/Sep/2019:20:54:00] "GET website/test/curl"
::1 – – [07/Sep/2019:20:54:00] "GET website/users/matthew"
::1 – – [07/Sep/2019:20:54:00] "GET website/test/component"
::1 – – [07/Sep/2019:20:54:06] "GET website/test/curl"
::1 – – [07/Sep/2019:20:54:06] "GET website/users/matthew"
::1 – – [07/Sep/2019:20:54:06] "GET website/test/component"
::1 – – [07/Sep/2019:20:54:13] "GET website/test/curl"
::1 – – [07/Sep/2019:20:54:13] "GET website/users/matthew"
::1 – – [07/Sep/2019:20:54:13] "GET website/test/component"
::1 – – [07/Sep/2019:20:54:26] "GET website/test/curl"
::1 – – [07/Sep/2019:20:54:26] "GET website/users/matthew"
::1 – – [07/Sep/2019:20:54:26] "GET website/test/component"
::1 – – [07/Sep/2019:20:54:35] "GET website/test/curl"
::1 – – [07/Sep/2019:20:54:35] "GET website/users/matthew"
::1 – – [07/Sep/2019:20:54:35] "GET website/test/component"
::1 – – [07/Sep/2019:20:54:39] "GET website/test/curl"
::1 – – [07/Sep/2019:20:54:39] "GET website/users/matthew"
::1 – – [07/Sep/2019:20:54:39] "GET website/test/component"
::1 – – [07/Sep/2019:20:54:55] "GET website/test/curl"
::1 – – [07/Sep/2019:20:54:55] "GET website/users/matthew"
::1 – – [07/Sep/2019:20:54:55] "GET website/test/component"
::1 – – [07/Sep/2019:20:55:00] "GET website/test/curl"
::1 – – [07/Sep/2019:20:55:00] "GET website/users/matthew"
::1 – – [07/Sep/2019:20:55:00] "GET website/test/component"
::1 – – [07/Sep/2019:20:55:19] "GET website/test/curl"
::1 – – [07/Sep/2019:20:55:19] "GET website/users/matthew"
::1 – – [07/Sep/2019:20:55:19] "GET website/test/component"
::1 – – [07/Sep/2019:20:55:50] "GET website/test/curl"
::1 – – [07/Sep/2019:20:55:50] "GET website/users/matthew"
::1 – – [07/Sep/2019:20:55:50] "GET website/test/component"
::1 – – [07/Sep/2019:20:55:57] "GET website/test/curl"
::1 – – [07/Sep/2019:20:55:57] "GET website/users/matthew"
::1 – – [07/Sep/2019:20:55:57] "GET website/test/component"
::1 – – [07/Sep/2019:20:56:23] "GET website/test/curl"
::1 – – [07/Sep/2019:20:56:23] "GET website/users/matthew"
::1 – – [07/Sep/2019:20:56:23] "GET website/test/component"
::1 – – [07/Sep/2019:20:56:31] "GET website/test/curl"
::1 – – [07/Sep/2019:20:56:31] "GET website/users/matthew"
::1 – – [07/Sep/2019:20:56:31] "GET website/test/component"
::1 – – [07/Sep/2019:20:56:39] "GET website/test/curl"
::1 – – [07/Sep/2019:20:56:39] "GET website/users/matthew"
::1 – – [07/Sep/2019:20:56:39] "GET website/test/component"
::1 – – [07/Sep/2019:20:56:49] "GET website/test/curl"
::1 – – [07/Sep/2019:20:56:49] "GET website/users/matthew"
::1 – – [07/Sep/2019:20:56:49] "GET website/test/component"
::1 – – [07/Sep/2019:20:57:26] "GET website/test/curl"
::1 – – [07/Sep/2019:20:57:26] "GET website/users/matthew"
::1 – – [07/Sep/2019:20:57:26] "GET website/test/component"
::1 – – [07/Sep/2019:20:57:45] "GET website/test/curl"
::1 – – [07/Sep/2019:20:57:45] "GET website/users/matthew"
::1 – – [07/Sep/2019:20:57:45] "GET website/test/component"
::1 – – [07/Sep/2019:20:57:54] "GET website/test/curl"
::1 – – [07/Sep/2019:20:57:54] "GET website/users/matthew"
::1 – – [07/Sep/2019:20:57:54] "GET website/test/component"
::1 – – [07/Sep/2019:20:58:55] "GET website/test/curl"
::1 – – [07/Sep/2019:20:58:55] "GET website/users/matthew"
::1 – – [07/Sep/2019:20:58:55] "GET website/test/component"
::1 – – [07/Sep/2019:20:59:08] "GET website/test/curl"
::1 – – [07/Sep/2019:20:59:08] "GET website/users/matthew"
::1 – – [07/Sep/2019:20:59:09] "GET website/test/component"
::1 – – [07/Sep/2019:20:59:13] "GET website/test/curl"
::1 – – [07/Sep/2019:20:59:13] "GET website/users/matthew"
::1 – – [07/Sep/2019:20:59:13] "GET website/test/component"
::1 – – [07/Sep/2019:20:59:17] "GET website/test/curl"
::1 – – [07/Sep/2019:20:59:17] "GET website/users/matthew"
::1 – – [07/Sep/2019:20:59:18] "GET website/test/component"
::1 – – [07/Sep/2019:21:00:11] "GET website/test/curl"
::1 – – [07/Sep/2019:21:00:11] "GET website/users/matthew"
::1 – – [07/Sep/2019:21:00:11] "GET website/test/component"
::1 – – [07/Sep/2019:21:00:30] "GET website/test/curl"
::1 – – [07/Sep/2019:21:00:30] "GET website/users/matthew"
::1 – – [07/Sep/2019:21:00:30] "GET website/test/component"
::1 – – [07/Sep/2019:21:00:31] "GET website/test/curl"
::1 – – [07/Sep/2019:21:00:31] "GET website/users/matthew"
::1 – – [07/Sep/2019:21:00:31] "GET website/test/component"
::1 – – [07/Sep/2019:21:00:48] "GET website/test/curl"
::1 – – [07/Sep/2019:21:00:48] "GET website/users/matthew"
::1 – – [07/Sep/2019:21:00:48] "GET website/test/component"
::1 – – [07/Sep/2019:21:04:36] "GET website/test/curl"
::1 – – [07/Sep/2019:21:04:36] "GET website/users/matthew"
::1 – – [07/Sep/2019:21:04:36] "GET website/test/component"
::1 – – [07/Sep/2019:21:04:46] "GET website/test/curl"
::1 – – [07/Sep/2019:21:04:46] "GET website/users/matthew"
::1 – – [07/Sep/2019:21:04:46] "GET website/test/component"
::1 – – [07/Sep/2019:21:05:25] "GET website/test/curl"
::1 – – [07/Sep/2019:21:05:25] "GET website/users/matthew"
::1 – – [07/Sep/2019:21:05:25] "GET website/test/component"
::1 – – [07/Sep/2019:22:58:32] "GET website/home"
::1 – – [07/Sep/2019:22:59:33] "GET website/test/curl"
::1 – – [07/Sep/2019:22:59:33] "GET website/users/matthew"
::1 – – [07/Sep/2019:22:59:33] "GET website/test/component"
::1 – – [07/Sep/2019:22:59:44] "GET website/test/curl"
::1 – – [07/Sep/2019:22:59:44] "GET website/users/matthew"
::1 – – [07/Sep/2019:22:59:44] "GET website/test/component"
::1 – – [07/Sep/2019:23:00:47] "GET website/test/curl"
::1 – – [07/Sep/2019:23:00:47] "GET website/users/matthew"
::1 – – [07/Sep/2019:23:00:47] "GET website/test/component"
::1 – – [07/Sep/2019:23:01:00] "GET website/test/curl"
::1 – – [07/Sep/2019:23:01:00] "GET website/users/matthew"
::1 – – [07/Sep/2019:23:01:00] "GET website/test/component"
::1 – – [07/Sep/2019:23:02:07] "GET website/test/curl"
::1 – – [07/Sep/2019:23:02:08] "GET website/test/component"
::1 – – [07/Sep/2019:23:04:08] "GET website/test/curl"
::1 – – [07/Sep/2019:23:04:09] "GET website/test/component"
::1 – – [07/Sep/2019:23:04:21] "GET website/test/curl"
::1 – – [07/Sep/2019:23:04:21] "GET website/test/component"
::1 – – [07/Sep/2019:23:05:19] "GET website/test/curl"
::1 – – [07/Sep/2019:23:05:19] "GET website/test/component"
::1 – – [07/Sep/2019:23:05:21] "GET website/test/curl"
::1 – – [07/Sep/2019:23:05:21] "GET website/test/component"
::1 – – [07/Sep/2019:23:07:50] "GET website/test/curl"
::1 – – [07/Sep/2019:23:07:51] "GET website/test/component"
